Reduce (CSL, rev 6657), 10-Dec-2023 ...

1: in "D:\OneDrive\work\ConformalFieldTheory\REDUCE\virasoro.red";
clear delta,c,h,l,vech;


order h,c,l;


operator delta,l,vech,ev;


noncom l,vech;


for all m let delta(m)=if m=0 then 1 else 0;


for all m,n such that m>n let l(m)*l(n)=l(n)*l(m)+(m-n)*l(m+n)+c*(m**3-m)*delta(m+n)/12;


for all m let vech(m)**2=1;


for all m,n such that m>0 let l(m)*vech(n)=0;


for all m,n such that 0>n let vech(m)*l(n)=0;


for all m let l(0)*vech(m)=h*vech(m),vech(m)*l(0)=vech(m)*h;


for all x let ev(x)=vech(0)*x*vech(0);


;

end;

2: factor l, vech;

3: s := l(-4)^4 + w*l(-2)*l(-2)^2 + x*l(-2)^2 + y*l(-3)*l(-1) + z*l(-4);

s\coloneqq w\,l\left(-2\right)^3+x\,l\left(-2\right)^2+y\,l\left(-3\right)\,l\left(-1\right)+l\left(-4\right)^4+z\,l\left(-4\right)

4: v := s*vech(0);

v\coloneqq 


w\,l\left(-2\right)^3\,\mathit{vech}\left(0\right)+x\,l\left(-2\right)^2\,\mathit{vech}\left(0\right)+y\,l\left(-3\right)\,l\left(-1\right)\,\mathit{vech}\left(0\right)+l\left(-4\right)^4\,\mathit{vech}\left(0\right)+z\,l\left(-4\right)\,\mathit{vech}\left(0\right)

5: v1 = l(1)*v;

\mathit{v}_{1}=


9\,l\left(-2\right)^2\,l\left(-1\right)\,\mathit{vech}\left(0\right)\,w+6\,l\left(-2\right)\,l\left(-1\right)\,\mathit{vech}\left(0\right)\,x+4\,l\left(-2\right)\,l\left(-1\right)\,\mathit{vech}\left(0\right)\,y+


9\,l\left(-3\right)\,l\left(-2\right)\,\mathit{vech}\left(0\right)\,w+2\,l\left(-3\right)\,\mathit{vech}\left(0\right)\,h\,y+3\,l\left(-3\right)\,\mathit{vech}\left(0\right)\,x+5\,l\left(-3\right)\,\mathit{vech}\left(0\right)\,z+


20\,l\left(-4\right)^3\,l\left(-3\right)\,\mathit{vech}\left(0\right)+6\,l\left(-5\right)\,\mathit{vech}\left(0\right)\,w+30\,l\left(-7\right)\,l\left(-4\right)^2\,\mathit{vech}\left(0\right)+


120\,l\left(-11\right)\,l\left(-4\right)\,\mathit{vech}\left(0\right)+315\,l\left(-15\right)\,\mathit{vech}\left(0\right)

6: v1 := v1*vech(0);

***** v1 improperly defined in terms of itself 

7: v1 := l(1)*v;

\mathit{v}_{1}\coloneqq 


9\,w\,\left(l\left(-2\right)^2\,l\left(-1\right)\,\mathit{vech}\left(0\right)\right)+2\,l\left(-2\right)\,l\left(-1\right)\,\mathit{vech}\left(0\right)\,\left(3\,x+2\,y\right)+9\,w\,\left(l\left(-3\right)\,l\left(-2\right)\,\mathit{vech}\left(0\right)\right)+


l\left(-3\right)\,\mathit{vech}\left(0\right)\,\left(2\,h\,y+3\,x+5\,z\right)+20\,l\left(-4\right)^3\,l\left(-3\right)\,\mathit{vech}\left(0\right)+6\,w\,\left(l\left(-5\right)\,\mathit{vech}\left(0\right)\right)+


30\,l\left(-7\right)\,l\left(-4\right)^2\,\mathit{vech}\left(0\right)+120\,l\left(-11\right)\,l\left(-4\right)\,\mathit{vech}\left(0\right)+315\,l\left(-15\right)\,\mathit{vech}\left(0\right)

8: v1 := v1*vech(0);

\mathit{v}_{1}\coloneqq 


9\,w\,\left(l\left(-2\right)^2\,l\left(-1\right)\right)+2\,l\left(-2\right)\,l\left(-1\right)\,\left(3\,x+2\,y\right)+9\,w\,\left(l\left(-3\right)\,l\left(-2\right)\right)+l\left(-3\right)\,\left(2\,h\,y+3\,x+5\,z\right)+


20\,l\left(-4\right)^3\,l\left(-3\right)+6\,w\,l\left(-5\right)+30\,l\left(-7\right)\,l\left(-4\right)^2+120\,l\left(-11\right)\,l\left(-4\right)+315\,l\left(-15\right)

9: v;

w\,l\left(-2\right)^3\,\mathit{vech}\left(0\right)+x\,l\left(-2\right)^2\,\mathit{vech}\left(0\right)+y\,l\left(-3\right)\,l\left(-1\right)\,\mathit{vech}\left(0\right)+l\left(-4\right)^4\,\mathit{vech}\left(0\right)+z\,l\left(-4\right)\,\mathit{vech}\left(0\right)

10: v1 := l(1)*v;

\mathit{v}_{1}\coloneqq 


9\,w\,\left(l\left(-2\right)^2\,l\left(-1\right)\,\mathit{vech}\left(0\right)\right)+2\,l\left(-2\right)\,l\left(-1\right)\,\mathit{vech}\left(0\right)\,\left(3\,x+2\,y\right)+9\,w\,\left(l\left(-3\right)\,l\left(-2\right)\,\mathit{vech}\left(0\right)\right)+


l\left(-3\right)\,\mathit{vech}\left(0\right)\,\left(2\,h\,y+3\,x+5\,z\right)+20\,l\left(-4\right)^3\,l\left(-3\right)\,\mathit{vech}\left(0\right)+6\,w\,\left(l\left(-5\right)\,\mathit{vech}\left(0\right)\right)+


30\,l\left(-7\right)\,l\left(-4\right)^2\,\mathit{vech}\left(0\right)+120\,l\left(-11\right)\,l\left(-4\right)\,\mathit{vech}\left(0\right)+315\,l\left(-15\right)\,\mathit{vech}\left(0\right)

11: s := l(-1)^4 + w*l(-2)*l(-2)^2 + x*l(-2)^2 + y*l(-3)*l(-1) + z*l(-4);

s\coloneqq l\left(-1\right)^4+w\,l\left(-2\right)^3+x\,l\left(-2\right)^2+y\,l\left(-3\right)\,l\left(-1\right)+z\,l\left(-4\right)

12: v := s*vech(0);

v\coloneqq 


l\left(-1\right)^4\,\mathit{vech}\left(0\right)+w\,l\left(-2\right)^3\,\mathit{vech}\left(0\right)+x\,l\left(-2\right)^2\,\mathit{vech}\left(0\right)+y\,l\left(-3\right)\,l\left(-1\right)\,\mathit{vech}\left(0\right)+z\,l\left(-4\right)\,\mathit{vech}\left(0\right)

13: v1 := l(1)*v;

\mathit{v}_{1}\coloneqq 


4\,l\left(-1\right)^3\,\mathit{vech}\left(0\right)\,\left(2\,h+3\right)+9\,w\,\left(l\left(-2\right)^2\,l\left(-1\right)\,\mathit{vech}\left(0\right)\right)+2\,l\left(-2\right)\,l\left(-1\right)\,\mathit{vech}\left(0\right)\,\left(3\,x+2\,y\right)+


9\,w\,\left(l\left(-3\right)\,l\left(-2\right)\,\mathit{vech}\left(0\right)\right)+l\left(-3\right)\,\mathit{vech}\left(0\right)\,\left(2\,h\,y+3\,x+5\,z\right)+6\,w\,\left(l\left(-5\right)\,\mathit{vech}\left(0\right)\right)

14: w1 := v1*vech(0);

\mathit{w}_{1}\coloneqq 


4\,l\left(-1\right)^3\,\left(2\,h+3\right)+9\,w\,\left(l\left(-2\right)^2\,l\left(-1\right)\right)+2\,l\left(-2\right)\,l\left(-1\right)\,\left(3\,x+2\,y\right)+9\,w\,\left(l\left(-3\right)\,l\left(-2\right)\right)+


l\left(-3\right)\,\left(2\,h\,y+3\,x+5\,z\right)+6\,w\,l\left(-5\right)

15: s := l(-4)^4 + w*l(-2)*l(-1)^2 + x*l(-2)^2 + y*l(-3)*l(-1) + z*l(-4);

s\coloneqq x\,l\left(-2\right)^2+w\,l\left(-2\right)\,l\left(-1\right)^2+y\,l\left(-3\right)\,l\left(-1\right)+l\left(-4\right)^4+z\,l\left(-4\right)

16: v := s*vech(0);

v\coloneqq 


x\,l\left(-2\right)^2\,\mathit{vech}\left(0\right)+w\,l\left(-2\right)\,l\left(-1\right)^2\,\mathit{vech}\left(0\right)+y\,l\left(-3\right)\,l\left(-1\right)\,\mathit{vech}\left(0\right)+l\left(-4\right)^4\,\mathit{vech}\left(0\right)+


z\,l\left(-4\right)\,\mathit{vech}\left(0\right)

17: v1 := l(1)*v;

\mathit{v}_{1}\coloneqq 


3\,w\,\left(l\left(-1\right)^3\,\mathit{vech}\left(0\right)\right)+2\,l\left(-2\right)\,l\left(-1\right)\,\mathit{vech}\left(0\right)\,\left(2\,h\,w+w+3\,x+2\,y\right)+l\left(-3\right)\,\mathit{vech}\left(0\right)\,\left(2\,h\,y+3\,x+5\,z\right)+


20\,l\left(-4\right)^3\,l\left(-3\right)\,\mathit{vech}\left(0\right)+30\,l\left(-7\right)\,l\left(-4\right)^2\,\mathit{vech}\left(0\right)+120\,l\left(-11\right)\,l\left(-4\right)\,\mathit{vech}\left(0\right)+


315\,l\left(-15\right)\,\mathit{vech}\left(0\right)

18: w1 := v1*vech(0);

\mathit{w}_{1}\coloneqq 


3\,w\,l\left(-1\right)^3+2\,l\left(-2\right)\,l\left(-1\right)\,\left(2\,h\,w+w+3\,x+2\,y\right)+l\left(-3\right)\,\left(2\,h\,y+3\,x+5\,z\right)+20\,l\left(-4\right)^3\,l\left(-3\right)+


30\,l\left(-7\right)\,l\left(-4\right)^2+120\,l\left(-11\right)\,l\left(-4\right)+315\,l\left(-15\right)

19: s := l(-1)^4 + w*l(-2)*l(-1)^2 + x*l(-2)^2 + y*l(-3)*l(-1) + z*l(-4);

s\coloneqq l\left(-1\right)^4+x\,l\left(-2\right)^2+w\,l\left(-2\right)\,l\left(-1\right)^2+y\,l\left(-3\right)\,l\left(-1\right)+z\,l\left(-4\right)

20: v := s*vech(0);

v\coloneqq 


l\left(-1\right)^4\,\mathit{vech}\left(0\right)+x\,l\left(-2\right)^2\,\mathit{vech}\left(0\right)+w\,l\left(-2\right)\,l\left(-1\right)^2\,\mathit{vech}\left(0\right)+y\,l\left(-3\right)\,l\left(-1\right)\,\mathit{vech}\left(0\right)+


z\,l\left(-4\right)\,\mathit{vech}\left(0\right)

21: v1 := l(1)*v;

\mathit{v}_{1}\coloneqq 


l\left(-1\right)^3\,\mathit{vech}\left(0\right)\,\left(8\,h+3\,w+12\right)+2\,l\left(-2\right)\,l\left(-1\right)\,\mathit{vech}\left(0\right)\,\left(2\,h\,w+w+3\,x+2\,y\right)+


l\left(-3\right)\,\mathit{vech}\left(0\right)\,\left(2\,h\,y+3\,x+5\,z\right)

22: s1 := v1*vech(0);

\mathit{s}_{1}\coloneqq l\left(-1\right)^3\,\left(8\,h+3\,w+12\right)+2\,l\left(-2\right)\,l\left(-1\right)\,\left(2\,h\,w+w+3\,x+2\,y\right)+l\left(-3\right)\,\left(2\,h\,y+3\,x+5\,z\right)

23: coeff(s1, l);

\left\{l\left(-1\right)^3\,\left(8\,h+3\,w+12\right)+2\,l\left(-2\right)\,l\left(-1\right)\,\left(2\,h\,w+w+3\,x+2\,y\right)+l\left(-3\right)\,\left(2\,h\,y+3\,x+5\,z\right)\right\}

24: coeff(s1, l(-1));

\left\{2\,l\left(-2\right)\,l\left(-1\right)\,\left(2\,h\,w+w+3\,x+2\,y\right)+l\left(-3\right)\,\left(2\,h\,y+3\,x+5\,z\right),0,0,8\,h+3\,w+12\right\}

25: coeffn(s1, l(-1), 3);

8\,h+3\,w+12

26: coeff(s1, l(-1));

\left\{2\,l\left(-2\right)\,l\left(-1\right)\,\left(2\,h\,w+w+3\,x+2\,y\right)+l\left(-3\right)\,\left(2\,h\,y+3\,x+5\,z\right),0,0,8\,h+3\,w+12\right\}

27: first(reverse(ws(6)));

***** Entry 6 not found 

28: first(reverse(ws(26)));

8\,h+3\,w+12

29: first(ws(26));

4\,l\left(-2\right)\,l\left(-1\right)\,h\,w+2\,l\left(-2\right)\,l\left(-1\right)\,w+6\,l\left(-2\right)\,l\left(-1\right)\,x+4\,l\left(-2\right)\,l\left(-1\right)\,y+2\,l\left(-3\right)\,h\,y+3\,l\left(-3\right)\,x+


5\,l\left(-3\right)\,z

30: coeff(ws(26), l(-1));

\left\{\left\{4\,l\left(-2\right)\,l\left(-1\right)\,h\,w+2\,l\left(-2\right)\,l\left(-1\right)\,w+6\,l\left(-2\right)\,l\left(-1\right)\,x+4\,l\left(-2\right)\,l\left(-1\right)\,y+2\,l\left(-3\right)\,h\,y+3\,l\left(-3\right)\,x+\right.\right.


\left.\left.5\,l\left(-3\right)\,z,0,0,8\,h+3\,w+12\right\}\right\}

31: coeff(ws(29), l(-1));

\left\{2\,l\left(-2\right)\,l\left(-1\right)\,\left(2\,h\,w+w+3\,x+2\,y\right)+l\left(-3\right)\,\left(2\,h\,y+3\,x+5\,z\right)\right\}

32: tmp1 := first(ws(26));

\mathit{tmp}_{1}\coloneqq 


4\,l\left(-2\right)\,l\left(-1\right)\,h\,w+2\,l\left(-2\right)\,l\left(-1\right)\,w+6\,l\left(-2\right)\,l\left(-1\right)\,x+4\,l\left(-2\right)\,l\left(-1\right)\,y+2\,l\left(-3\right)\,h\,y+3\,l\left(-3\right)\,x+


5\,l\left(-3\right)\,z

33: tmp1;

2\,l\left(-2\right)\,l\left(-1\right)\,\left(2\,h\,w+w+3\,x+2\,y\right)+l\left(-3\right)\,\left(2\,h\,y+3\,x+5\,z\right)

34: coeff(tmp1, l(-1));

\left\{2\,l\left(-2\right)\,l\left(-1\right)\,\left(2\,h\,w+w+3\,x+2\,y\right)+l\left(-3\right)\,\left(2\,h\,y+3\,x+5\,z\right)\right\}

35: coeff(tmp1, l(-2));

\left\{l\left(-3\right)\,\left(2\,h\,y+3\,x+5\,z\right),2\,l\left(-1\right)\,\left(2\,h\,w+w+3\,x+2\,y\right)\right\}

36: coeff(tmp1, l(-3));

\left\{2\,l\left(-2\right)\,l\left(-1\right)\,\left(2\,h\,w+w+3\,x+2\,y\right),2\,h\,y+3\,x+5\,z\right\}

37: s1;

l\left(-1\right)^3\,\left(8\,h+3\,w+12\right)+2\,l\left(-2\right)\,l\left(-1\right)\,\left(2\,h\,w+w+3\,x+2\,y\right)+l\left(-3\right)\,\left(2\,h\,y+3\,x+5\,z\right)

38: tmp1;

2*l(-2)*l(-1)*(2*h*w + w + 3*x + 2*y) + l(-3)*(2*h*y + 3*x + 5*z)

39: lineq := {2*h*w + w + 3*x + 2*y, 2*h*y + 3*x + 5*z);

lineq:={2*h*w+w+3*x+2*y,2*h*y+3*x+5*z$$$);
at line 12

***** Too many right parentheses 

40: lineq := {2*h*w + w + 3*x + 2*y, 2*h*y + 3*x + 5*z};

lineq := {2*h*w + w + 3*x + 2*y,2*h*y + 3*x + 5*z}

41: s6 := l(-1)^6 + l(-2)*(x1*l(-1)^4 + x2*l(-2)*l(-1)^2 + x3*l(-2)^2) + l(-3)*(x4*l(-1)^3 + x5*l(-2)*l(-1) + x6*l(-3)) + l(-4)*(x7*l(-1)^2 + x8*l(-2)) + l(-5)*x9*l(-1) + x10*l(-6);

           6           3           2      2                 4           2
s6 := l(-1)  + x3*l(-2)  + x2*l(-2) *l(-1)  + x1*l(-2)*l(-1)  + x6*l(-3)

                       3                                        2
       + x4*l(-3)*l(-1)  + x5*l(-3)*l(-2)*l(-1) + x7*l(-4)*l(-1)

       + x8*l(-4)*l(-2) + x9*l(-5)*l(-1) + x10*l(-6)

42: v6 := s6*vech(0);

           6                   3                   2      2
v6 := l(-1) *vech(0) + x3*l(-2) *vech(0) + x2*l(-2) *l(-1) *vech(0)

                       4                   2                         3
       + x1*l(-2)*l(-1) *vech(0) + x6*l(-3) *vech(0) + x4*l(-3)*l(-1) *vech(0)

                                                      2
       + x5*l(-3)*l(-2)*l(-1)*vech(0) + x7*l(-4)*l(-1) *vech(0)

       + x8*l(-4)*l(-2)*vech(0) + x9*l(-5)*l(-1)*vech(0) + x10*l(-6)*vech(0)

43: v6 := s6*vech(0);

           6                   3                   2      2
v6 := l(-1) *vech(0) + x3*l(-2) *vech(0) + x2*l(-2) *l(-1) *vech(0)

                       4                   2                         3
       + x1*l(-2)*l(-1) *vech(0) + x6*l(-3) *vech(0) + x4*l(-3)*l(-1) *vech(0)

                                                      2
       + x5*l(-3)*l(-2)*l(-1)*vech(0) + x7*l(-4)*l(-1) *vech(0)

       + x8*l(-4)*l(-2)*vech(0) + x9*l(-5)*l(-1)*vech(0) + x10*l(-6)*vech(0)

44: s6;

     6           3           2      2                 4           2
l(-1)  + x3*l(-2)  + x2*l(-2) *l(-1)  + x1*l(-2)*l(-1)  + x6*l(-3)

                 3                                        2
 + x4*l(-3)*l(-1)  + x5*l(-3)*l(-2)*l(-1) + x7*l(-4)*l(-1)  + x8*l(-4)*l(-2)

 + x9*l(-5)*l(-1) + x10*l(-6)

45: s23 := s6;

            6           3           2      2                 4           2
s23 := l(-1)  + x3*l(-2)  + x2*l(-2) *l(-1)  + x1*l(-2)*l(-1)  + x6*l(-3)

                        3                                        2
        + x4*l(-3)*l(-1)  + x5*l(-3)*l(-2)*l(-1) + x7*l(-4)*l(-1)

        + x8*l(-4)*l(-2) + x9*l(-5)*l(-1) + x10*l(-6)

46: v23 := s23*vech(0);

            6                   3                   2      2
v23 := l(-1) *vech(0) + x3*l(-2) *vech(0) + x2*l(-2) *l(-1) *vech(0)

                        4                   2                         3
        + x1*l(-2)*l(-1) *vech(0) + x6*l(-3) *vech(0) + x4*l(-3)*l(-1) *vech(0)

                                                       2
        + x5*l(-3)*l(-2)*l(-1)*vech(0) + x7*l(-4)*l(-1) *vech(0)

        + x8*l(-4)*l(-2)*vech(0) + x9*l(-5)*l(-1)*vech(0) + x10*l(-6)*vech(0)

47: w1 := l(1)*v23;

             5
w1 := 3*l(-1) *vech(0)*(4*h + x1 + 10)

              2
       + l(-2) *l(-1)*vech(0)*(4*h*x2 + 2*x2 + 9*x3 + 4*x5)

                      3
       + 2*l(-2)*l(-1) *vech(0)*(4*h*x1 + 6*x1 + 3*x2 + 2*x4)

                    2
       + l(-3)*l(-1) *vech(0)*(6*h*x4 + 3*x2 + 6*x4 + 3*x5 + 5*x7)

       + l(-3)*l(-2)*vech(0)*(2*h*x5 + 9*x3 + 8*x6 + 5*x8)

       + l(-4)*l(-1)*vech(0)*(4*h*x7 + 2*x7 + 3*x8 + 6*x9)

       + l(-5)*vech(0)*(2*h*x9 + 7*x10 + 6*x3 + 4*x6)

48: lineq1 := {4*h + x1 + 10, 4*h*x2 + 2*x2 + 9*x3 + 4*x5, 4*h*x1 + 6*x1 + 3*x2 + 2*x4, 6*h*x4 + 3*x2 + 6*x4 + 3*x5 + 5*x7, 2*h*x5 + 9*x3 + 8*x6 + 5*x8, 4*h*x7 + 2*x7 + 3*x8 + 6*x9, 2*h*x9 + 7*x10 + 6*x3 + 4*x6};

lineq1 := {4*h + x1 + 10,

           4*h*x2 + 2*x2 + 9*x3 + 4*x5,

           4*h*x1 + 6*x1 + 3*x2 + 2*x4,

           6*h*x4 + 3*x2 + 6*x4 + 3*x5 + 5*x7,

           2*h*x5 + 9*x3 + 8*x6 + 5*x8,

           4*h*x7 + 2*x7 + 3*x8 + 6*x9,

           2*h*x9 + 7*x10 + 6*x3 + 4*x6}

49: w2 := l(2)*v23;

            4
w2 := (l(-1) *vech(0)*(8*h*x1 + 180*h + c*x1 + 32*x1 + 10*x4 + 240)

                 2
        + 3*l(-2) *vech(0)*(4*h*x2 + 8*h*x3 + c*x3 + 16*x3 + 4*x8) + 2*l(-2)

             2
       *l(-1) *vech(0)*(36*h*x1 + 8*h*x2 + c*x2 + 24*x1 + 24*x2 + 5*x5 + 6*x7) +

        l(-3)*l(-1)*vech(0)

       *(36*h*x4 + 8*h*x5 + c*x5 + 12*x4 + 18*x5 + 20*x6 + 14*x9)

        + l(-4)*vech(0)*(12*h*x7 + 8*h*x8 + c*x8 + 16*x10 + 20*x6))/2

50: lineq2 := {8*h*x1 + 180*h + c*x1 + 32*x1 + 10*x4 + 240, 4*h*x2 + 8*h*x3 + c*x3 + 16*x3 + 4*x8, 36*h*x1 + 8*h*x2 + c*x2 + 24*x1 + 24*x2 + 5*x5 + 6*x7, 36*h*x4 + 8*h*x5 + c*x5 + 12*x4 + 18*x5 + 20*x6 + 14*x9, 12*h*x7 + 8*h*x8 + c*x8 + 16*x10 + 20*x6};

lineq2 := {8*h*x1 + 180*h + c*x1 + 32*x1 + 10*x4 + 240,

           4*h*x2 + 8*h*x3 + c*x3 + 16*x3 + 4*x8,

           36*h*x1 + 8*h*x2 + c*x2 + 24*x1 + 24*x2 + 5*x5 + 6*x7,

           36*h*x4 + 8*h*x5 + c*x5 + 12*x4 + 18*x5 + 20*x6 + 14*x9,

           12*h*x7 + 8*h*x8 + c*x8 + 16*x10 + 20*x6}

51: lineq := lineq1 . lineq2;

lineq := {{4*h + x1 + 10,

           4*h*x2 + 2*x2 + 9*x3 + 4*x5,

           4*h*x1 + 6*x1 + 3*x2 + 2*x4,

           6*h*x4 + 3*x2 + 6*x4 + 3*x5 + 5*x7,

           2*h*x5 + 9*x3 + 8*x6 + 5*x8,

           4*h*x7 + 2*x7 + 3*x8 + 6*x9,

           2*h*x9 + 7*x10 + 6*x3 + 4*x6},

          c*x1 + 8*h*x1 + 180*h + 32*x1 + 10*x4 + 240,

          c*x3 + 4*h*x2 + 8*h*x3 + 16*x3 + 4*x8,

          c*x2 + 36*h*x1 + 8*h*x2 + 24*x1 + 24*x2 + 5*x5 + 6*x7,

          c*x5 + 36*h*x4 + 8*h*x5 + 12*x4 + 18*x5 + 20*x6 + 14*x9,

          c*x8 + 12*h*x7 + 8*h*x8 + 16*x10 + 20*x6}

52: lineq := append(lineq1, lineq2);

lineq := {4*h + x1 + 10,

          4*h*x2 + 2*x2 + 9*x3 + 4*x5,

          4*h*x1 + 6*x1 + 3*x2 + 2*x4,

          6*h*x4 + 3*x2 + 6*x4 + 3*x5 + 5*x7,

          2*h*x5 + 9*x3 + 8*x6 + 5*x8,

          4*h*x7 + 2*x7 + 3*x8 + 6*x9,

          2*h*x9 + 7*x10 + 6*x3 + 4*x6,

          c*x1 + 8*h*x1 + 180*h + 32*x1 + 10*x4 + 240,

          c*x3 + 4*h*x2 + 8*h*x3 + 16*x3 + 4*x8,

          c*x2 + 36*h*x1 + 8*h*x2 + 24*x1 + 24*x2 + 5*x5 + 6*x7,

          c*x5 + 36*h*x4 + 8*h*x5 + 12*x4 + 18*x5 + 20*x6 + 14*x9,

          c*x8 + 12*h*x7 + 8*h*x8 + 16*x10 + 20*x6}

53: c := 6/t + 13 + 6t;

         2
      6*t  + 13*t + 6
c := -----------------
             t

54: h := (1-2^2)/(4t) + (1 - 2*3)/2 + (1-3^2)/4*t;

            2
       - 8*t  - 10*t - 3
h := --------------------
             4*t

55: lineq;

        2
   - 8*t  + t*x1 - 3
{--------------------,
          t

        2
   - 8*t *x2 - 8*t*x2 + 9*t*x3 + 4*t*x5 - 3*x2
 ----------------------------------------------,
                       t

        2
   - 8*t *x1 - 4*t*x1 + 3*t*x2 + 2*t*x4 - 3*x1
 ----------------------------------------------,
                       t

         2
   - 24*t *x4 + 6*t*x2 - 18*t*x4 + 6*t*x5 + 10*t*x7 - 9*x4
 ----------------------------------------------------------,
                            2*t

        2
   - 8*t *x5 + 18*t*x3 - 10*t*x5 + 16*t*x6 + 10*t*x8 - 3*x5
 -----------------------------------------------------------,
                             2*t

        2
   - 8*t *x7 - 8*t*x7 + 3*t*x8 + 6*t*x9 - 3*x7
 ----------------------------------------------,
                       t

        2
   - 8*t *x9 + 14*t*x10 + 12*t*x3 + 8*t*x6 - 10*t*x9 - 3*x9
 -----------------------------------------------------------,
                             2*t

           2          2
  5*( - 2*t *x1 - 72*t  + 5*t*x1 + 2*t*x4 - 42*t - 27)
 ------------------------------------------------------,
                           t

        2          2
   - 8*t *x2 - 10*t *x3 - 10*t*x2 + 9*t*x3 + 4*t*x8 - 3*x2
 ----------------------------------------------------------,
                             t

         2          2
   - 72*t *x1 - 10*t *x2 - 66*t*x1 + 17*t*x2 + 5*t*x5 + 6*t*x7 - 27*x1
 ----------------------------------------------------------------------,
                                   t

         2          2
   - 72*t *x4 - 10*t *x5 - 78*t*x4 + 11*t*x5 + 20*t*x6 + 14*t*x9 - 27*x4
 ------------------------------------------------------------------------,
                                    t

         2          2
   - 24*t *x7 - 10*t *x8 + 16*t*x10 + 20*t*x6 - 30*t*x7 - 7*t*x8 - 9*x7
 -----------------------------------------------------------------------}
                                    t

56: solve(lineq, {x1, x2, x3, x4, x5, x6, x7, x8, x9, x10});

         2
      8*t  + 3
{{x1=----------,
         t

          4
      16*t  + 3
  x2=-----------,
          2
         t

          4      2
      16*t  - 8*t  + 1
  x3=------------------,
              3
             t

            3      2
      2*(4*t  + 8*t  + 12*t + 3)
  x4=----------------------------,
                  t

             5       4       3
      2*(16*t  + 16*t  - 12*t  + 12*t + 3)
  x5=--------------------------------------,
                        2
                       t

            6      5       4      3       2
      2*(8*t  + 8*t  - 18*t  - 6*t  + 10*t  + 6*t + 1)
  x6=--------------------------------------------------,
                              2
                             t

            3       2
      6*(4*t  + 18*t  + 12*t + 3)
  x7=-----------------------------,
                   t

             5       4       3       2
      2*(16*t  + 40*t  - 12*t  - 10*t  + 12*t + 5)
  x8=----------------------------------------------,
                            2
                           t

            5       4       3       2
      4*(4*t  + 34*t  + 66*t  + 46*t  + 12*t + 1)
  x9=---------------------------------------------,
                           2
                          t

              5       4       3       2
       4*(20*t  + 68*t  + 79*t  + 51*t  + 19*t + 3)
  x10=----------------------------------------------}}
                             2
                            t

57: ws(56);

\left\{\left\{\mathit{x}_{1}=\frac{8\,t^2+3}{t},\mathit{x}_{2}=\frac{16\,t^4+3}{t^2},\mathit{x}_{3}=\frac{16\,t^4-8\,t^2+1}{t^3},\mathit{x}_{4}=\frac{8\,t^3+16\,t^2+24\,t+6}{t},\mathit{x}_{5}=\frac{32\,t^5+32\,t^4-24\,t^3+24\,t+6}{t^2},\right.\right.


\mathit{x}_{6}=\frac{16\,t^6+16\,t^5-36\,t^4-12\,t^3+20\,t^2+12\,t+2}{t^2},\mathit{x}_{7}=\frac{24\,t^3+108\,t^2+72\,t+18}{t},


\mathit{x}_{8}=\frac{32\,t^5+80\,t^4-24\,t^3-20\,t^2+24\,t+10}{t^2},\mathit{x}_{9}=\frac{16\,t^5+136\,t^4+264\,t^3+184\,t^2+48\,t+4}{t^2},


\left.\left.\mathit{x}_{10}=\frac{80\,t^5+272\,t^4+316\,t^3+204\,t^2+76\,t+12}{t^2}\right\}\right\}

58: ws(56);

\left\{\left\{\mathit{x}_{1}=\frac{8\,t^2+3}{t},\mathit{x}_{2}=\frac{16\,t^4+3}{t^2},\mathit{x}_{3}=\frac{16\,t^4-8\,t^2+1}{t^3},\mathit{x}_{4}=\frac{8\,t^3+16\,t^2+24\,t+6}{t},\mathit{x}_{5}=\frac{32\,t^5+32\,t^4-24\,t^3+24\,t+6}{t^2},\right.\right.


\mathit{x}_{6}=\frac{16\,t^6+16\,t^5-36\,t^4-12\,t^3+20\,t^2+12\,t+2}{t^2},\mathit{x}_{7}=\frac{24\,t^3+108\,t^2+72\,t+18}{t},


\mathit{x}_{8}=\frac{32\,t^5+80\,t^4-24\,t^3-20\,t^2+24\,t+10}{t^2},\mathit{x}_{9}=\frac{16\,t^5+136\,t^4+264\,t^3+184\,t^2+48\,t+4}{t^2},


\left.\left.\mathit{x}_{10}=\frac{80\,t^5+272\,t^4+316\,t^3+204\,t^2+76\,t+12}{t^2}\right\}\right\}

59: s23;

l\left(-1\right)^6+\mathit{x}_{3}\,l\left(-2\right)^3+\mathit{x}_{2}\,l\left(-2\right)^2\,l\left(-1\right)^2+\mathit{x}_{1}\,l\left(-2\right)\,l\left(-1\right)^4+\mathit{x}_{6}\,l\left(-3\right)^2+\mathit{x}_{4}\,l\left(-3\right)\,l\left(-1\right)^3+


\mathit{x}_{5}\,l\left(-3\right)\,l\left(-2\right)\,l\left(-1\right)+\mathit{x}_{7}\,l\left(-4\right)\,l\left(-1\right)^2+\mathit{x}_{8}\,l\left(-4\right)\,l\left(-2\right)+\mathit{x}_{9}\,l\left(-5\right)\,l\left(-1\right)+\mathit{x}_{10}\,l\left(-6\right)

60: solve(lineq, {x1, x2, x3, x4, x5, x6, x7, x8, x9, x10});

\left\{\left\{\mathit{x}_{1}=\frac{8\,t^2+3}{t},\mathit{x}_{2}=\frac{16\,t^4+3}{t^2},\mathit{x}_{3}=\frac{16\,t^4-8\,t^2+1}{t^3},\mathit{x}_{4}=\frac{2\,\left(4\,t^3+8\,t^2+12\,t+3\right)}{t},\right.\right.


\mathit{x}_{5}=\frac{2\,\left(16\,t^5+16\,t^4-12\,t^3+12\,t+3\right)}{t^2},\mathit{x}_{6}=\frac{2\,\left(8\,t^6+8\,t^5-18\,t^4-6\,t^3+10\,t^2+6\,t+1\right)}{t^2},


\mathit{x}_{7}=\frac{6\,\left(4\,t^3+18\,t^2+12\,t+3\right)}{t},\mathit{x}_{8}=\frac{2\,\left(16\,t^5+40\,t^4-12\,t^3-10\,t^2+12\,t+5\right)}{t^2},


\left.\left.\mathit{x}_{9}=\frac{4\,\left(4\,t^5+34\,t^4+66\,t^3+46\,t^2+12\,t+1\right)}{t^2},\mathit{x}_{10}=\frac{4\,\left(20\,t^5+68\,t^4+79\,t^3+51\,t^2+19\,t+3\right)}{t^2}\right\}\right\}

61: s23;

l\left(-1\right)^6+\mathit{x}_{3}\,l\left(-2\right)^3+\mathit{x}_{2}\,l\left(-2\right)^2\,l\left(-1\right)^2+\mathit{x}_{1}\,l\left(-2\right)\,l\left(-1\right)^4+\mathit{x}_{6}\,l\left(-3\right)^2+\mathit{x}_{4}\,l\left(-3\right)\,l\left(-1\right)^3+


\mathit{x}_{5}\,l\left(-3\right)\,l\left(-2\right)\,l\left(-1\right)+\mathit{x}_{7}\,l\left(-4\right)\,l\left(-1\right)^2+\mathit{x}_{8}\,l\left(-4\right)\,l\left(-2\right)+\mathit{x}_{9}\,l\left(-5\right)\,l\left(-1\right)+\mathit{x}_{10}\,l\left(-6\right)

62: t := -3/4;

t\coloneqq \frac{-3}{4}

63: lineq;

\left\{\mathit{x}_{1}+10,2\,\mathit{x}_{2}+9\,\mathit{x}_{3}+4\,\mathit{x}_{5},6\,\mathit{x}_{1}+3\,\mathit{x}_{2}+2\,\mathit{x}_{4},3\,\mathit{x}_{2}+6\,\mathit{x}_{4}+3\,\mathit{x}_{5}+5\,\mathit{x}_{7},9\,\mathit{x}_{3}+8\,\mathit{x}_{6}+5\,\mathit{x}_{8},2\,\mathit{x}_{7}+3\,\mathit{x}_{8}+6\,\mathit{x}_{9},\right.


7\,\mathit{x}_{10}+6\,\mathit{x}_{3}+4\,\mathit{x}_{6},\frac{5\,\left(13\,\mathit{x}_{1}+4\,\mathit{x}_{4}+96\right)}{2},\frac{33\,\mathit{x}_{3}+8\,\mathit{x}_{8}}{2},\frac{48\,\mathit{x}_{1}+49\,\mathit{x}_{2}+10\,\mathit{x}_{5}+12\,\mathit{x}_{7}}{2},\frac{24\,\mathit{x}_{4}+37\,\mathit{x}_{5}+40\,\mathit{x}_{6}+28\,\mathit{x}_{9}}{2}


\left.,\frac{32\,\mathit{x}_{10}+40\,\mathit{x}_{6}+\mathit{x}_{8}}{2}\right\}

64: solve(lineq, {x1, x2, x3, x4, x5, x6, x7, x8, x9, x10});

\left\{\left\{\mathit{x}_{1}=-10,\mathit{x}_{2}=\frac{43}{3},\mathit{x}_{3}=\frac{-100}{27},\mathit{x}_{4}=\frac{17}{2},\mathit{x}_{5}=\frac{7}{6},\mathit{x}_{6}=\frac{-775}{144},\mathit{x}_{7}=\frac{-39}{2},\mathit{x}_{8}=\frac{275}{18},\mathit{x}_{9}=\frac{-41}{36},\mathit{x}_{10}=\frac{25}{4}\right\}\right\}

65: ws(64) / (25/4);

***** Illegal operation on lists 

66: 